
**** Build of configuration Release for project application ****

"C:\\ti\\ccs1011\\ccs\\utils\\bin\\gmake" -k -j 4 all -O 
 
making ../src/sysbios/rom_sysbios.aem4f ...
gmake[1]: Nothing to be done for 'all'.
Building file: "../Application/services/sydantek.c"
Invoking: ARM Compiler
"C:/ti/ccs1011/ccs/tools/compiler/ti-cgt-arm_20.2.1.LTS/bin/armcl" --cmd_file="C:/tibackup/SydantekVer4.1_Workspace1p5 -Rtc - wct three channel - debug/application/Release/syscfg/ti_ble_app_config.opt" --cmd_file="C:/tibackup/SydantekVer4.1_Workspace1p5 -Rtc - wct three channel - debug/application/Release/syscfg/ti_build_config.opt" --cmd_file="C:/ti/simplelink_cc13x2_26x2_sdk_4_30_00_54/source/ti/ble5stack/config/build_components.opt" --cmd_file="C:/ti/simplelink_cc13x2_26x2_sdk_4_30_00_54/source/ti/ble5stack/config/factory_config.opt"  -mv7M4 --code_state=16 --float_support=FPv4SPD16 -me -Ooff --opt_for_speed=0 --include_path="C:/tibackup/SydantekVer4.1_Workspace1p5 -Rtc - wct three channel - debug/application" --include_path="C:/tibackup/SydantekVer4.1_Workspace1p5 -Rtc - wct three channel - debug/application/Release" --include_path="C:/tibackup/SydantekVer4.1_Workspace1p5 -Rtc - wct three channel - debug/application/Application" --include_path="C:/ti/simplelink_cc13x2_26x2_sdk_4_30_00_54/source/ti/ble5stack" --include_path="C:/ti/simplelink_cc13x2_26x2_sdk_4_30_00_54/source/ti/ble5stack/common/cc26xx/" --include_path="C:/ti/simplelink_cc13x2_26x2_sdk_4_30_00_54/source/ti/ble5stack/boards/CC26X2R1_LAUNCHXL/" --include_path="C:/ti/simplelink_cc13x2_26x2_sdk_4_30_00_54/source/ti/drivers/nvs/" --include_path="C:/ti/simplelink_cc13x2_26x2_sdk_4_30_00_54/source/ti/common/cc26xx/oad/" --include_path="C:/ti/simplelink_cc13x2_26x2_sdk_4_30_00_54/source/ti/ble5stack/profiles/oad/cc26xx" --include_path="C:/ti/simplelink_cc13x2_26x2_sdk_4_30_00_54/source/ti/" --include_path="C:/ti/simplelink_cc13x2_26x2_sdk_4_30_00_54/source" --include_path="C:/ti/simplelink_cc13x2_26x2_sdk_4_30_00_54/kernel/tirtos/packages" --include_path="C:/ti/simplelink_cc13x2_26x2_sdk_4_30_00_54/source/ti/ble5stack/controller/cc26xx/inc" --include_path="C:/ti/simplelink_cc13x2_26x2_sdk_4_30_00_54/source/ti/ble5stack/inc" --include_path="C:/ti/simplelink_cc13x2_26x2_sdk_4_30_00_54/source/ti/ble5stack/rom" --include_path="C:/ti/simplelink_cc13x2_26x2_sdk_4_30_00_54/source/ti/ble5stack/common/cc26xx" --include_path="C:/ti/simplelink_cc13x2_26x2_sdk_4_30_00_54/source/ti/ble5stack/icall/inc" --include_path="C:/ti/simplelink_cc13x2_26x2_sdk_4_30_00_54/source/ti/ble5stack/hal/src/target/_common" --include_path="C:/ti/simplelink_cc13x2_26x2_sdk_4_30_00_54/source/ti/ble5stack/hal/src/target/_common/cc26xx" --include_path="C:/ti/simplelink_cc13x2_26x2_sdk_4_30_00_54/source/ti/ble5stack/hal/src/inc" --include_path="C:/ti/simplelink_cc13x2_26x2_sdk_4_30_00_54/source/ti/ble5stack/heapmgr" --include_path="C:/ti/simplelink_cc13x2_26x2_sdk_4_30_00_54/source/ti/ble5stack/profiles/dev_info" --include_path="C:/ti/simplelink_cc13x2_26x2_sdk_4_30_00_54/source/ti/ble5stack/profiles/simple_profile" --include_path="C:/ti/simplelink_cc13x2_26x2_sdk_4_30_00_54/source/ti/ble5stack/icall/src/inc" --include_path="C:/ti/simplelink_cc13x2_26x2_sdk_4_30_00_54/source/ti/ble5stack/osal/src/inc" --include_path="C:/ti/simplelink_cc13x2_26x2_sdk_4_30_00_54/source/ti/ble5stack/services/src/saddr" --include_path="C:/ti/simplelink_cc13x2_26x2_sdk_4_30_00_54/source/ti/ble5stack/services/src/sdata" --include_path="C:/ti/simplelink_cc13x2_26x2_sdk_4_30_00_54/source/ti/common/nv" --include_path="C:/ti/simplelink_cc13x2_26x2_sdk_4_30_00_54/source/ti/common/cc26xx" --include_path="C:/ti/simplelink_cc13x2_26x2_sdk_4_30_00_54/source/ti/devices/cc13x2_cc26x2" --include_path="C:/ti/simplelink_cc13x2_26x2_sdk_4_30_00_54/source/ti/posix/ccs" --include_path="C:/ti/ccs1011/ccs/tools/compiler/ti-cgt-arm_20.2.1.LTS/include" --define=SECURITY --define=uartlog_FILE="\"sydantek.c\"" --define=DeviceFamily_CC26X2 --define=FLASH_ROM_BUILD --define=NVOCMP_NWSAMEITEM=1 -g --c99 --gcc --diag_warning=225 --diag_warning=255 --diag_wrap=off --display_error_number --gen_func_subsections=on --abi=eabi --preproc_with_compile --preproc_dependency="Application/services/sydantek.d_raw" --include_path="C:/tibackup/SydantekVer4.1_Workspace1p5 -Rtc - wct three channel - debug/application/Release/syscfg" --obj_directory="Application/services" --cmd_file="syscfg/ti_build_config.opt" --cmd_file="syscfg/ti_ble_app_config.opt" --cmd_file="configPkg/compiler.opt"  "../Application/services/sydantek.c"
"../Application/services/sydantek.c", line 710: warning #179-D: variable "s" was declared but never referenced
"../Application/services/sydantek.c", line 759: warning #225-D: function "ReadDataFromAFEasynchronous_Debug_1" declared implicitly
"../Application/services/sydantek.c", line 794: warning #552-D: variable "cTempRx" was set but never used
"../Application/services/sydantek.c", line 833: warning #179-D: variable "ptr" was declared but never referenced
"../Application/services/sydantek.c", line 834: warning #179-D: variable "o" was declared but never referenced
"../Application/services/sydantek.c", line 835: warning #179-D: variable "ch" was declared but never referenced
"../Application/services/sydantek.c", line 904: warning #552-D: variable "cTempRx" was set but never used
"../Application/services/sydantek.c", line 968: warning #552-D: variable "cTempRx" was set but never used
"../Application/services/sydantek.c", line 1119: warning #145-D: a value of type "int" cannot be used to initialize an entity of type "uint32_t *"
"../Application/services/sydantek.c", line 1075: warning #552-D: variable "ptr2RxBuf" was set but never used
"../Application/services/sydantek.c", line 1080: warning #552-D: variable "cTempRx" was set but never used
"../Application/services/sydantek.c", line 1148: warning #179-D: variable "j" was declared but never referenced
"../Application/services/sydantek.c", line 1148: warning #179-D: variable "ch" was declared but never referenced
"../Application/services/sydantek.c", line 1668: warning #552-D: variable "statusbreakpoint" was set but never used
"../Application/services/sydantek.c", line 1689: warning #552-D: variable "serial" was set but never used
"../Application/services/sydantek.c", line 1695: warning #179-D: variable "uGettime" was declared but never referenced
"../Application/services/sydantek.c", line 1696: warning #552-D: variable "jx" was set but never used
"../Application/services/sydantek.c", line 1696: warning #552-D: variable "in" was set but never used
"../Application/services/sydantek.c", line 1696: warning #552-D: variable "io" was set but never used
"../Application/services/sydantek.c", line 1952: warning #179-D: variable "k" was declared but never referenced
"../Application/services/sydantek.c", line 320: warning #179-D: variable "syncEvent" was declared but never referenced
Finished building: "../Application/services/sydantek.c"
 
making ../src/sysbios/rom_sysbios.aem4f ...
gmake[2]: Nothing to be done for 'all'.
Building target: "application.out"
Invoking: ARM Linker
"C:/ti/ccs1011/ccs/tools/compiler/ti-cgt-arm_20.2.1.LTS/bin/armcl" --cmd_file="C:/tibackup/SydantekVer4.1_Workspace1p5 -Rtc - wct three channel - debug/application/Release/syscfg/ti_ble_app_config.opt" --cmd_file="C:/tibackup/SydantekVer4.1_Workspace1p5 -Rtc - wct three channel - debug/application/Release/syscfg/ti_build_config.opt" --cmd_file="C:/ti/simplelink_cc13x2_26x2_sdk_4_30_00_54/source/ti/ble5stack/config/build_components.opt" --cmd_file="C:/ti/simplelink_cc13x2_26x2_sdk_4_30_00_54/source/ti/ble5stack/config/factory_config.opt"  -mv7M4 --code_state=16 --float_support=FPv4SPD16 -me -Ooff --opt_for_speed=0 --define=SECURITY --define=uartlog_FILE="\"\"" --define=DeviceFamily_CC26X2 --define=FLASH_ROM_BUILD --define=NVOCMP_NWSAMEITEM=1 -g --c99 --gcc --diag_warning=225 --diag_warning=255 --diag_wrap=off --display_error_number --gen_func_subsections=on --abi=eabi -z -m"application.map" -i"C:/ti/simplelink_cc13x2_26x2_sdk_4_30_00_54/source" -i"C:/ti/simplelink_cc13x2_26x2_sdk_4_30_00_54/kernel/tirtos/packages" -i"C:/ti/ccs1011/ccs/tools/compiler/ti-cgt-arm_20.2.1.LTS/lib" --reread_libs --define=FLASH_ROM_BUILD=2 --define=OAD_IMG_E=1 --define=SECURITY --diag_suppress=16002-D --diag_suppress=10247-D --diag_suppress=10325-D --diag_suppress=10229-D --diag_suppress=16032-D --diag_wrap=off --display_error_number --warn_sections --xml_link_info="application_linkInfo.xml" --rom_model -o "application.out" "./syscfg/ti_ble_config.obj" "./syscfg/ti_radio_config.obj" "./syscfg/ti_drivers_config.obj" "./Application/haldi.obj" "./Application/util.obj" "./Application/services/sydantek.obj" "./Drivers/NV/crc.obj" "./Drivers/NV/nvocmp.obj" "./OAD/crc32.obj" "./OAD/flash_interface_ext_rtos_NVS.obj" "./OAD/oad.obj" "./OAD/oad_image_header_app.obj" "./Profiles/button_service.obj" "./Profiles/data_service.obj" "./Profiles/devinfoservice.obj" "./Profiles/gatt_uuid.obj" "./Profiles/gattservapp_util.obj" "./Profiles/led_service.obj" "./Startup/UartLog.obj" "./Startup/ble_user_config_stack.obj" "./Startup/main.obj" "./Startup/osal_icall_ble.obj" "./Startup/rom_init.obj" "./iCall/icall.obj" "./iCall/icall_cc2650.obj" "./iCall/icall_user_config.obj" "./iCallBLE/ble_user_config.obj" "./iCallBLE/icall_api_lite.obj" -l"configPkg/linker.cmd"  -l"C:/ti/simplelink_cc13x2_26x2_sdk_4_30_00_54/examples/rtos/CC26X2R1_LAUNCHXL/ble5stack/project_zero/tirtos/ccs/cc13x2_cc26x2_app.cmd" -l"C:/tibackup/SydantekVer4.1_Workspace1p5 -Rtc - wct three channel - debug/application/Release/syscfg/ti_utils_build_linker.cmd.genlibs" -l"ti/devices/cc13x2_cc26x2/driverlib/bin/ccs/driverlib.lib" -llibc.a 
<Linking>
Finished building target: "application.out"
 
C:/ti/ccs1011/ccs/tools/compiler/ti-cgt-arm_20.2.1.LTS/bin/armhex -order MS --memwidth=8 --romwidth=8 --intel -o application.hex application.out
Translating to Intel format...
   "application.out" .image_header ==> .image_header
   "application.out" .resetVecs ==> .resetVecs
   "application.out" .text ==> .text
   "application.out" .const ==> .const
   "application.out" .rodata ==> .rodata
   "application.out" .cinit ==> .cinit
C:/ti/simplelink_cc13x2_26x2_sdk_4_30_00_54/tools/common/oad/oad_image_tool --verbose ccs C:/tibackup/SydantekVer4.1_Workspace1p5 -Rtc - wct three channel - debug/application 7 -hex1 Release/application.hex -k C:/ti/simplelink_cc13x2_26x2_sdk_4_30_00_54/tools/common/oad/private.pem -o Release/application_oad
makefile:213: recipe for target 'post-build' failed
usage: oad_image_tool [-h] [-v] [-verbose] [-hex1 HEXPATH1] [-bdf BDFILEPATH]
                      [-hex2 [HEXPATH2]] [-k [KEYFILE]] -o OUTPUT
                      ProjType ProjDir BinaryType
oad_image_tool: error: argument BinaryType: invalid int value: '-'
gmake[2]: [post-build] Error 2 (ignored)
 

**** Build Finished ****
