
**** Build of configuration Release for project application ****

"C:\\ti\\ccs1011\\ccs\\utils\\bin\\gmake" -k -j 4 all -O 
 
Building file: "../project_zero.syscfg"
Invoking: SysConfig
"C:/ti/ccs1011/ccs/utils/sysconfig_1.6.0/sysconfig_cli.bat" -s "C:/ti/simplelink_cc13x2_26x2_sdk_4_30_00_54/.metadata/product.json" -o "syscfg" --compiler ccs "../project_zero.syscfg"
Running script...
Validating...
info: /ti/drivers/Board generateInitializationFunctions: The initialization functions are still being generated after switching to a device.
Generating Code...
    '/ti/drivers/RF' -> '/ti/drivers'
    '/third_party/spiffs' -> '/ti/drivers'
Unchanged C:\tibackup\SydantekVer4.1_Workspace0p3_final\application\Release\syscfg\ti_ble_config.h...
Unchanged C:\tibackup\SydantekVer4.1_Workspace0p3_final\application\Release\syscfg\ti_ble_config.c...
Unchanged C:\tibackup\SydantekVer4.1_Workspace0p3_final\application\Release\syscfg\ti_build_config.opt...
Unchanged C:\tibackup\SydantekVer4.1_Workspace0p3_final\application\Release\syscfg\ti_ble_app_config.opt...
Unchanged C:\tibackup\SydantekVer4.1_Workspace0p3_final\application\Release\syscfg\ti_radio_config.c...
Unchanged C:\tibackup\SydantekVer4.1_Workspace0p3_final\application\Release\syscfg\ti_radio_config.h...
Unchanged C:\tibackup\SydantekVer4.1_Workspace0p3_final\application\Release\syscfg\ti_drivers_config.c...
Unchanged C:\tibackup\SydantekVer4.1_Workspace0p3_final\application\Release\syscfg\ti_drivers_config.h...
Unchanged C:\tibackup\SydantekVer4.1_Workspace0p3_final\application\Release\syscfg\ti_utils_build_linker.cmd.genlibs...
Unchanged C:\tibackup\SydantekVer4.1_Workspace0p3_final\application\Release\syscfg\syscfg_c.rov.xs...
Unchanged C:\tibackup\SydantekVer4.1_Workspace0p3_final\application\Release\syscfg\ti_utils_runtime_model.gv...
Unchanged C:\tibackup\SydantekVer4.1_Workspace0p3_final\application\Release\syscfg\ti_utils_runtime_Makefile...
Finished building: "../project_zero.syscfg"
 
making ../src/sysbios/rom_sysbios.aem4f ...
gmake[1]: Nothing to be done for 'all'.
Building file: "../project_zero.syscfg"
Invoking: SysConfig
"C:/ti/ccs1011/ccs/utils/sysconfig_1.6.0/sysconfig_cli.bat" -s "C:/ti/simplelink_cc13x2_26x2_sdk_4_30_00_54/.metadata/product.json" -o "syscfg" --compiler ccs "../project_zero.syscfg"
Running script...
Validating...
info: /ti/drivers/Board generateInitializationFunctions: The initialization functions are still being generated after switching to a device.
Generating Code...
    '/ti/drivers/RF' -> '/ti/drivers'
    '/third_party/spiffs' -> '/ti/drivers'
Unchanged C:\tibackup\SydantekVer4.1_Workspace0p3_final\application\Release\syscfg\ti_ble_config.h...
Unchanged C:\tibackup\SydantekVer4.1_Workspace0p3_final\application\Release\syscfg\ti_ble_config.c...
Unchanged C:\tibackup\SydantekVer4.1_Workspace0p3_final\application\Release\syscfg\ti_build_config.opt...
Unchanged C:\tibackup\SydantekVer4.1_Workspace0p3_final\application\Release\syscfg\ti_ble_app_config.opt...
Unchanged C:\tibackup\SydantekVer4.1_Workspace0p3_final\application\Release\syscfg\ti_radio_config.c...
Unchanged C:\tibackup\SydantekVer4.1_Workspace0p3_final\application\Release\syscfg\ti_radio_config.h...
Unchanged C:\tibackup\SydantekVer4.1_Workspace0p3_final\application\Release\syscfg\ti_drivers_config.c...
Unchanged C:\tibackup\SydantekVer4.1_Workspace0p3_final\application\Release\syscfg\ti_drivers_config.h...
Unchanged C:\tibackup\SydantekVer4.1_Workspace0p3_final\application\Release\syscfg\ti_utils_build_linker.cmd.genlibs...
Unchanged C:\tibackup\SydantekVer4.1_Workspace0p3_final\application\Release\syscfg\syscfg_c.rov.xs...
Unchanged C:\tibackup\SydantekVer4.1_Workspace0p3_final\application\Release\syscfg\ti_utils_runtime_model.gv...
Unchanged C:\tibackup\SydantekVer4.1_Workspace0p3_final\application\Release\syscfg\ti_utils_runtime_Makefile...
Finished building: "../project_zero.syscfg"
 
making ../src/sysbios/rom_sysbios.aem4f ...
gmake[2]: Nothing to be done for 'all'.

**** Build Finished ****
