
**** Build of configuration Debug for project tirtos_builds_cc13x2_cc26x2_release_ccs ****

"C:\\ti\\ccs1011\\ccs\\utils\\bin\\gmake" -k -j 4 all -O 
 
Building file: "../release.cfg"
Invoking: XDCtools
"C:/ti/ccs1011/xdctools_3_61_02_27_core/xs" --xdcpath="C:/ti/simplelink_cc13x2_26x2_sdk_4_30_00_54/source;C:/ti/simplelink_cc13x2_26x2_sdk_4_30_00_54/kernel/tirtos/packages;" xdc.tools.configuro -o configPkg -t ti.targets.arm.elf.M4F -p ti.platforms.simplelink:CC13X2_CC26X2 -r release -c "C:/ti/ccs1011/ccs/tools/compiler/ti-cgt-arm_20.2.1.LTS" --compileOptions " -DDeviceFamily_CC13X2_CC26X2 " "../release.cfg"
making package.mak (because of package.bld) ...
generating interfaces for package configPkg (because package/package.xdc.inc is older than package.xdc) ...
configuring release.xem4f from package/cfg/release_pem4f.cfg ...
generating custom ROM library makefile ... 
Starting build of library sources ...
making C:/tibackup/device-halhi-master-0p1/uartecho_CC26X2R1_LAUNCHXL_tirtos_ccs/tirtos_builds_cc13x2_cc26x2_release_ccs/src/sysbios/rom_sysbios.aem4f ...
clem4f C:/ti/simplelink_cc13x2_26x2_sdk_4_30_00_54/kernel/tirtos/packages/ti/sysbios/BIOS.c ...
asmem4f C:/ti/simplelink_cc13x2_26x2_sdk_4_30_00_54/kernel/tirtos/packages/ti/sysbios/family/arm/m3/Hwi_asm.sv7M ...
asmem4f C:/ti/simplelink_cc13x2_26x2_sdk_4_30_00_54/kernel/tirtos/packages/ti/sysbios/family/arm/m3/Hwi_asm_switch.sv7M ...
asmem4f C:/ti/simplelink_cc13x2_26x2_sdk_4_30_00_54/kernel/tirtos/packages/ti/sysbios/family/arm/m3/IntrinsicsSupport_asm.sv7M ...
asmem4f C:/ti/simplelink_cc13x2_26x2_sdk_4_30_00_54/kernel/tirtos/packages/ti/sysbios/family/arm/m3/TaskSupport_asm.sv7M ...
arem4f rom_sysbios.obj m3_Hwi_asm.obj m3_Hwi_asm_switch.obj m3_IntrinsicsSupport_asm.obj m3_TaskSupport_asm.obj ...
Build of libraries done.
clem4f package/cfg/release_pem4f.c ...
Finished building: "../release.cfg"
 
        1 file(s) copied.
making ../src/sysbios/rom_sysbios.aem4f ...
gmake[1]: Nothing to be done for 'all'.
gmake[1]: Nothing to be done for 'configPkg/linker.cmd'.
making ../src/sysbios/rom_sysbios.aem4f ...
gmake[2]: Nothing to be done for 'all'.

**** Build Finished ****

**** Build of configuration Debug for project uartecho_CC26X2R1_LAUNCHXL_tirtos_ccs ****

"C:\\ti\\ccs1011\\ccs\\utils\\bin\\gmake" -k -j 4 all -O 
 
Building file: "../uartecho.syscfg"
Invoking: SysConfig
"C:/ti/ccs1011/ccs/utils/sysconfig_1.6.0/sysconfig_cli.bat" -s "C:/ti/simplelink_cc13x2_26x2_sdk_4_30_00_54/.metadata/product.json" -o "syscfg" --compiler ccs "../uartecho.syscfg"
Running script...
Validating...
Generating Code...
Writing C:\tibackup\device-halhi-master-0p1\uartecho_CC26X2R1_LAUNCHXL_tirtos_ccs\uartecho_CC26X2R1_LAUNCHXL_tirtos_ccs\Debug\syscfg\ti_devices_config.c...
Writing C:\tibackup\device-halhi-master-0p1\uartecho_CC26X2R1_LAUNCHXL_tirtos_ccs\uartecho_CC26X2R1_LAUNCHXL_tirtos_ccs\Debug\syscfg\ti_drivers_config.c...
Writing C:\tibackup\device-halhi-master-0p1\uartecho_CC26X2R1_LAUNCHXL_tirtos_ccs\uartecho_CC26X2R1_LAUNCHXL_tirtos_ccs\Debug\syscfg\ti_drivers_config.h...
Writing C:\tibackup\device-halhi-master-0p1\uartecho_CC26X2R1_LAUNCHXL_tirtos_ccs\uartecho_CC26X2R1_LAUNCHXL_tirtos_ccs\Debug\syscfg\ti_utils_build_linker.cmd.genlibs...
Writing C:\tibackup\device-halhi-master-0p1\uartecho_CC26X2R1_LAUNCHXL_tirtos_ccs\uartecho_CC26X2R1_LAUNCHXL_tirtos_ccs\Debug\syscfg\syscfg_c.rov.xs...
Writing C:\tibackup\device-halhi-master-0p1\uartecho_CC26X2R1_LAUNCHXL_tirtos_ccs\uartecho_CC26X2R1_LAUNCHXL_tirtos_ccs\Debug\syscfg\ti_utils_runtime_model.gv...
Writing C:\tibackup\device-halhi-master-0p1\uartecho_CC26X2R1_LAUNCHXL_tirtos_ccs\uartecho_CC26X2R1_LAUNCHXL_tirtos_ccs\Debug\syscfg\ti_utils_runtime_Makefile...
Finished building: "../uartecho.syscfg"
 
Building file: "../main_tirtos.c"
Invoking: ARM Compiler
"C:/ti/ccs1011/ccs/tools/compiler/ti-cgt-arm_20.2.1.LTS/bin/armcl" -mv7M4 --code_state=16 --float_support=FPv4SPD16 -me --include_path="C:/tibackup/device-halhi-master-0p1/uartecho_CC26X2R1_LAUNCHXL_tirtos_ccs/uartecho_CC26X2R1_LAUNCHXL_tirtos_ccs" --include_path="C:/tibackup/device-halhi-master-0p1/uartecho_CC26X2R1_LAUNCHXL_tirtos_ccs/uartecho_CC26X2R1_LAUNCHXL_tirtos_ccs/Debug" --include_path="C:/ti/simplelink_cc13x2_26x2_sdk_4_30_00_54/source" --include_path="C:/ti/simplelink_cc13x2_26x2_sdk_4_30_00_54/source/ti/posix/ccs" --include_path="C:/ti/ccs1011/ccs/tools/compiler/ti-cgt-arm_20.2.1.LTS/include" --define=DeviceFamily_CC26X2 -g --diag_warning=225 --diag_warning=255 --diag_wrap=off --display_error_number --gen_func_subsections=on --preproc_with_compile --preproc_dependency="main_tirtos.d_raw" --include_path="C:/tibackup/device-halhi-master-0p1/uartecho_CC26X2R1_LAUNCHXL_tirtos_ccs/uartecho_CC26X2R1_LAUNCHXL_tirtos_ccs/Debug/syscfg" --cmd_file="C:/tibackup/device-halhi-master-0p1/uartecho_CC26X2R1_LAUNCHXL_tirtos_ccs/tirtos_builds_cc13x2_cc26x2_release_ccs/Debug/configPkg/compiler.opt"  "../main_tirtos.c"
Finished building: "../main_tirtos.c"
 
Building file: "../uartecho.c"
Invoking: ARM Compiler
"C:/ti/ccs1011/ccs/tools/compiler/ti-cgt-arm_20.2.1.LTS/bin/armcl" -mv7M4 --code_state=16 --float_support=FPv4SPD16 -me --include_path="C:/tibackup/device-halhi-master-0p1/uartecho_CC26X2R1_LAUNCHXL_tirtos_ccs/uartecho_CC26X2R1_LAUNCHXL_tirtos_ccs" --include_path="C:/tibackup/device-halhi-master-0p1/uartecho_CC26X2R1_LAUNCHXL_tirtos_ccs/uartecho_CC26X2R1_LAUNCHXL_tirtos_ccs/Debug" --include_path="C:/ti/simplelink_cc13x2_26x2_sdk_4_30_00_54/source" --include_path="C:/ti/simplelink_cc13x2_26x2_sdk_4_30_00_54/source/ti/posix/ccs" --include_path="C:/ti/ccs1011/ccs/tools/compiler/ti-cgt-arm_20.2.1.LTS/include" --define=DeviceFamily_CC26X2 -g --diag_warning=225 --diag_warning=255 --diag_wrap=off --display_error_number --gen_func_subsections=on --preproc_with_compile --preproc_dependency="uartecho.d_raw" --include_path="C:/tibackup/device-halhi-master-0p1/uartecho_CC26X2R1_LAUNCHXL_tirtos_ccs/uartecho_CC26X2R1_LAUNCHXL_tirtos_ccs/Debug/syscfg" --cmd_file="C:/tibackup/device-halhi-master-0p1/uartecho_CC26X2R1_LAUNCHXL_tirtos_ccs/tirtos_builds_cc13x2_cc26x2_release_ccs/Debug/configPkg/compiler.opt"  "../uartecho.c"
Finished building: "../uartecho.c"
 
Building file: "syscfg/ti_devices_config.c"
Invoking: ARM Compiler
"C:/ti/ccs1011/ccs/tools/compiler/ti-cgt-arm_20.2.1.LTS/bin/armcl" -mv7M4 --code_state=16 --float_support=FPv4SPD16 -me --include_path="C:/tibackup/device-halhi-master-0p1/uartecho_CC26X2R1_LAUNCHXL_tirtos_ccs/uartecho_CC26X2R1_LAUNCHXL_tirtos_ccs" --include_path="C:/tibackup/device-halhi-master-0p1/uartecho_CC26X2R1_LAUNCHXL_tirtos_ccs/uartecho_CC26X2R1_LAUNCHXL_tirtos_ccs/Debug" --include_path="C:/ti/simplelink_cc13x2_26x2_sdk_4_30_00_54/source" --include_path="C:/ti/simplelink_cc13x2_26x2_sdk_4_30_00_54/source/ti/posix/ccs" --include_path="C:/ti/ccs1011/ccs/tools/compiler/ti-cgt-arm_20.2.1.LTS/include" --define=DeviceFamily_CC26X2 -g --diag_warning=225 --diag_warning=255 --diag_wrap=off --display_error_number --gen_func_subsections=on --preproc_with_compile --preproc_dependency="syscfg/ti_devices_config.d_raw" --include_path="C:/tibackup/device-halhi-master-0p1/uartecho_CC26X2R1_LAUNCHXL_tirtos_ccs/uartecho_CC26X2R1_LAUNCHXL_tirtos_ccs/Debug/syscfg" --obj_directory="syscfg" --cmd_file="C:/tibackup/device-halhi-master-0p1/uartecho_CC26X2R1_LAUNCHXL_tirtos_ccs/tirtos_builds_cc13x2_cc26x2_release_ccs/Debug/configPkg/compiler.opt"  "syscfg/ti_devices_config.c"
Finished building: "syscfg/ti_devices_config.c"
 
Building file: "syscfg/ti_drivers_config.c"
Invoking: ARM Compiler
"C:/ti/ccs1011/ccs/tools/compiler/ti-cgt-arm_20.2.1.LTS/bin/armcl" -mv7M4 --code_state=16 --float_support=FPv4SPD16 -me --include_path="C:/tibackup/device-halhi-master-0p1/uartecho_CC26X2R1_LAUNCHXL_tirtos_ccs/uartecho_CC26X2R1_LAUNCHXL_tirtos_ccs" --include_path="C:/tibackup/device-halhi-master-0p1/uartecho_CC26X2R1_LAUNCHXL_tirtos_ccs/uartecho_CC26X2R1_LAUNCHXL_tirtos_ccs/Debug" --include_path="C:/ti/simplelink_cc13x2_26x2_sdk_4_30_00_54/source" --include_path="C:/ti/simplelink_cc13x2_26x2_sdk_4_30_00_54/source/ti/posix/ccs" --include_path="C:/ti/ccs1011/ccs/tools/compiler/ti-cgt-arm_20.2.1.LTS/include" --define=DeviceFamily_CC26X2 -g --diag_warning=225 --diag_warning=255 --diag_wrap=off --display_error_number --gen_func_subsections=on --preproc_with_compile --preproc_dependency="syscfg/ti_drivers_config.d_raw" --include_path="C:/tibackup/device-halhi-master-0p1/uartecho_CC26X2R1_LAUNCHXL_tirtos_ccs/uartecho_CC26X2R1_LAUNCHXL_tirtos_ccs/Debug/syscfg" --obj_directory="syscfg" --cmd_file="C:/tibackup/device-halhi-master-0p1/uartecho_CC26X2R1_LAUNCHXL_tirtos_ccs/tirtos_builds_cc13x2_cc26x2_release_ccs/Debug/configPkg/compiler.opt"  "syscfg/ti_drivers_config.c"
Finished building: "syscfg/ti_drivers_config.c"
 
Building target: "uartecho_CC26X2R1_LAUNCHXL_tirtos_ccs.out"
Invoking: ARM Linker
"C:/ti/ccs1011/ccs/tools/compiler/ti-cgt-arm_20.2.1.LTS/bin/armcl" -mv7M4 --code_state=16 --float_support=FPv4SPD16 -me --define=DeviceFamily_CC26X2 -g --diag_warning=225 --diag_warning=255 --diag_wrap=off --display_error_number --gen_func_subsections=on -z -m"uartecho_CC26X2R1_LAUNCHXL_tirtos_ccs.map" -i"C:/ti/simplelink_cc13x2_26x2_sdk_4_30_00_54/source" -i"C:/ti/simplelink_cc13x2_26x2_sdk_4_30_00_54/kernel/tirtos/packages" -i"C:/tibackup/device-halhi-master-0p1/uartecho_CC26X2R1_LAUNCHXL_tirtos_ccs/uartecho_CC26X2R1_LAUNCHXL_tirtos_ccs/Debug/syscfg/" -i"C:/ti/ccs1011/ccs/tools/compiler/ti-cgt-arm_20.2.1.LTS/lib" --diag_wrap=off --display_error_number --warn_sections --xml_link_info="uartecho_CC26X2R1_LAUNCHXL_tirtos_ccs_linkInfo.xml" --rom_model -o "uartecho_CC26X2R1_LAUNCHXL_tirtos_ccs.out" "./main_tirtos.obj" "./uartecho.obj" "./syscfg/ti_devices_config.obj" "./syscfg/ti_drivers_config.obj" "../cc13x2_cc26x2_tirtos.cmd" -lti_utils_build_linker.cmd.genlibs -l"C:/tibackup/device-halhi-master-0p1/uartecho_CC26X2R1_LAUNCHXL_tirtos_ccs/tirtos_builds_cc13x2_cc26x2_release_ccs/Debug/configPkg/linker.cmd"  -l"ti/devices/cc13x2_cc26x2/driverlib/bin/ccs/driverlib.lib" -llibc.a 
<Linking>
Finished building target: "uartecho_CC26X2R1_LAUNCHXL_tirtos_ccs.out"
 

**** Build Finished ****
