
**** Build of configuration Release for project application ****

"C:\\ti\\ccs1011\\ccs\\utils\\bin\\gmake" -k -j 4 all -O 
 
making ../src/sysbios/rom_sysbios.aem4f ...
gmake[1]: Nothing to be done for 'all'.
Building file: "../Application/haldi.c"
Invoking: ARM Compiler
"C:/ti/ccs1011/ccs/tools/compiler/ti-cgt-arm_20.2.1.LTS/bin/armcl" --cmd_file="C:/tibackup/SydantekVer4.1_Workspace0p4_final/application/Release/syscfg/ti_ble_app_config.opt" --cmd_file="C:/tibackup/SydantekVer4.1_Workspace0p4_final/application/Release/syscfg/ti_build_config.opt" --cmd_file="C:/ti/simplelink_cc13x2_26x2_sdk_4_30_00_54/source/ti/ble5stack/config/build_components.opt" --cmd_file="C:/ti/simplelink_cc13x2_26x2_sdk_4_30_00_54/source/ti/ble5stack/config/factory_config.opt"  -mv7M4 --code_state=16 --float_support=FPv4SPD16 -me -O2 --opt_for_speed=0 --include_path="C:/tibackup/SydantekVer4.1_Workspace0p4_final/application" --include_path="C:/tibackup/SydantekVer4.1_Workspace0p4_final/application/Release" --include_path="C:/tibackup/SydantekVer4.1_Workspace0p4_final/application/Application" --include_path="C:/ti/simplelink_cc13x2_26x2_sdk_4_30_00_54/source/ti/ble5stack" --include_path="C:/ti/simplelink_cc13x2_26x2_sdk_4_30_00_54/source/ti/ble5stack/common/cc26xx/" --include_path="C:/ti/simplelink_cc13x2_26x2_sdk_4_30_00_54/source/ti/ble5stack/boards/CC26X2R1_LAUNCHXL/" --include_path="C:/ti/simplelink_cc13x2_26x2_sdk_4_30_00_54/source/ti/drivers/nvs/" --include_path="C:/ti/simplelink_cc13x2_26x2_sdk_4_30_00_54/source/ti/common/cc26xx/oad/" --include_path="C:/ti/simplelink_cc13x2_26x2_sdk_4_30_00_54/source/ti/ble5stack/profiles/oad/cc26xx" --include_path="C:/ti/simplelink_cc13x2_26x2_sdk_4_30_00_54/source/ti/" --include_path="C:/ti/simplelink_cc13x2_26x2_sdk_4_30_00_54/source" --include_path="C:/ti/simplelink_cc13x2_26x2_sdk_4_30_00_54/kernel/tirtos/packages" --include_path="C:/ti/simplelink_cc13x2_26x2_sdk_4_30_00_54/source/ti/ble5stack/controller/cc26xx/inc" --include_path="C:/ti/simplelink_cc13x2_26x2_sdk_4_30_00_54/source/ti/ble5stack/inc" --include_path="C:/ti/simplelink_cc13x2_26x2_sdk_4_30_00_54/source/ti/ble5stack/rom" --include_path="C:/ti/simplelink_cc13x2_26x2_sdk_4_30_00_54/source/ti/ble5stack/common/cc26xx" --include_path="C:/ti/simplelink_cc13x2_26x2_sdk_4_30_00_54/source/ti/ble5stack/icall/inc" --include_path="C:/ti/simplelink_cc13x2_26x2_sdk_4_30_00_54/source/ti/ble5stack/hal/src/target/_common" --include_path="C:/ti/simplelink_cc13x2_26x2_sdk_4_30_00_54/source/ti/ble5stack/hal/src/target/_common/cc26xx" --include_path="C:/ti/simplelink_cc13x2_26x2_sdk_4_30_00_54/source/ti/ble5stack/hal/src/inc" --include_path="C:/ti/simplelink_cc13x2_26x2_sdk_4_30_00_54/source/ti/ble5stack/heapmgr" --include_path="C:/ti/simplelink_cc13x2_26x2_sdk_4_30_00_54/source/ti/ble5stack/profiles/dev_info" --include_path="C:/ti/simplelink_cc13x2_26x2_sdk_4_30_00_54/source/ti/ble5stack/profiles/simple_profile" --include_path="C:/ti/simplelink_cc13x2_26x2_sdk_4_30_00_54/source/ti/ble5stack/icall/src/inc" --include_path="C:/ti/simplelink_cc13x2_26x2_sdk_4_30_00_54/source/ti/ble5stack/osal/src/inc" --include_path="C:/ti/simplelink_cc13x2_26x2_sdk_4_30_00_54/source/ti/ble5stack/services/src/saddr" --include_path="C:/ti/simplelink_cc13x2_26x2_sdk_4_30_00_54/source/ti/ble5stack/services/src/sdata" --include_path="C:/ti/simplelink_cc13x2_26x2_sdk_4_30_00_54/source/ti/common/nv" --include_path="C:/ti/simplelink_cc13x2_26x2_sdk_4_30_00_54/source/ti/common/cc26xx" --include_path="C:/ti/simplelink_cc13x2_26x2_sdk_4_30_00_54/source/ti/devices/cc13x2_cc26x2" --include_path="C:/ti/simplelink_cc13x2_26x2_sdk_4_30_00_54/source/ti/posix/ccs" --include_path="C:/ti/ccs1011/ccs/tools/compiler/ti-cgt-arm_20.2.1.LTS/include" --define=SECURITY --define=uartlog_FILE="\"haldi.c\"" --define=DeviceFamily_CC26X2 --define=FLASH_ROM_BUILD --define=NVOCMP_NWSAMEITEM=1 -g --c99 --gcc --diag_warning=225 --diag_warning=255 --diag_wrap=off --display_error_number --gen_func_subsections=on --abi=eabi --preproc_with_compile --preproc_dependency="Application/haldi.d_raw" --include_path="C:/tibackup/SydantekVer4.1_Workspace0p4_final/application/Release/syscfg" --obj_directory="Application" --cmd_file="syscfg/ti_build_config.opt" --cmd_file="syscfg/ti_ble_app_config.opt" --cmd_file="configPkg/compiler.opt"  "../Application/haldi.c"
"../Application/haldi.c", line 999: warning #179-D: variable "pRpaNew" was declared but never referenced
"../Application/haldi.c", line 1002: warning #179-D: variable "rpaAddrStr" was declared but never referenced
"../Application/haldi.c", line 1292: warning #179-D: variable "advSetTerm" was declared but never referenced
"../Application/haldi.c", line 1503: warning #179-D: variable "handle" was declared but never referenced
"../Application/haldi.c", line 1498: warning #179-D: variable "rssi" was declared but never referenced
"../Application/haldi.c", line 1582: warning #179-D: variable "ConnIntervalFracture" was declared but never referenced
"../Application/haldi.c", line 286: warning #179-D: variable "buttonPinHandle" was declared but never referenced
"../Application/haldi.c", line 287: warning #179-D: variable "ledPinHandle" was declared but never referenced
"../Application/haldi.c", line 318: warning #179-D: variable "button0DebounceClockHandle" was declared but never referenced
"../Application/haldi.c", line 319: warning #179-D: variable "button1DebounceClockHandle" was declared but never referenced
"../Application/haldi.c", line 325: warning #179-D: variable "button0State" was declared but never referenced
"../Application/haldi.c", line 326: warning #179-D: variable "button1State" was declared but never referenced
"../Application/haldi.c", line 338: warning #179-D: variable "addrMode" was declared but never referenced
"../Application/haldi.c", line 341: warning #179-D: variable "rpaAddr" was declared but never referenced
"../Application/haldi.c", line 434: warning #179-D: function "haldi_clockHandler" was declared but never referenced
"../Application/haldi.c", line 439: warning #179-D: function "buttonDebounceSwiFxn" was declared but never referenced
"../Application/haldi.c", line 440: warning #179-D: function "buttonCallbackFxn" was declared but never referenced
"../Application/haldi.c", line 2138: warning #179-D: function "util_getLocalNameStr" was declared but never referenced
"../Application/haldi.c", line 839: warning #179-D: function "haldi_checkSvcChgndFlag" was declared but never referenced
"../Application/haldi.c", line 2269: warning #179-D: function "haldi_bootManagerCheck" was declared but never referenced
"../Application/haldi.c", line 478: warning #179-D: variable "haldi_oadCBs" was declared but never referenced
Finished building: "../Application/haldi.c"
 
making ../src/sysbios/rom_sysbios.aem4f ...
gmake[2]: Nothing to be done for 'all'.
Building target: "application.out"
Invoking: ARM Linker
"C:/ti/ccs1011/ccs/tools/compiler/ti-cgt-arm_20.2.1.LTS/bin/armcl" --cmd_file="C:/tibackup/SydantekVer4.1_Workspace0p4_final/application/Release/syscfg/ti_ble_app_config.opt" --cmd_file="C:/tibackup/SydantekVer4.1_Workspace0p4_final/application/Release/syscfg/ti_build_config.opt" --cmd_file="C:/ti/simplelink_cc13x2_26x2_sdk_4_30_00_54/source/ti/ble5stack/config/build_components.opt" --cmd_file="C:/ti/simplelink_cc13x2_26x2_sdk_4_30_00_54/source/ti/ble5stack/config/factory_config.opt"  -mv7M4 --code_state=16 --float_support=FPv4SPD16 -me -O2 --opt_for_speed=0 --define=SECURITY --define=uartlog_FILE="\"\"" --define=DeviceFamily_CC26X2 --define=FLASH_ROM_BUILD --define=NVOCMP_NWSAMEITEM=1 -g --c99 --gcc --diag_warning=225 --diag_warning=255 --diag_wrap=off --display_error_number --gen_func_subsections=on --abi=eabi -z -m"application.map" -i"C:/ti/simplelink_cc13x2_26x2_sdk_4_30_00_54/source" -i"C:/ti/simplelink_cc13x2_26x2_sdk_4_30_00_54/kernel/tirtos/packages" -i"C:/ti/ccs1011/ccs/tools/compiler/ti-cgt-arm_20.2.1.LTS/lib" --reread_libs --define=FLASH_ROM_BUILD=2 --define=OAD_IMG_E=1 --define=SECURITY --diag_suppress=16002-D --diag_suppress=10247-D --diag_suppress=10325-D --diag_suppress=10229-D --diag_suppress=16032-D --diag_wrap=off --display_error_number --warn_sections --xml_link_info="application_linkInfo.xml" --rom_model -o "application.out" "./syscfg/ti_ble_config.obj" "./syscfg/ti_radio_config.obj" "./syscfg/ti_drivers_config.obj" "./Application/haldi.obj" "./Application/util.obj" "./Application/services/sydantek_r3.obj" "./Drivers/NV/crc.obj" "./Drivers/NV/nvocmp.obj" "./OAD/crc32.obj" "./OAD/flash_interface_ext_rtos_NVS.obj" "./OAD/oad.obj" "./OAD/oad_image_header_app.obj" "./Profiles/button_service.obj" "./Profiles/data_service.obj" "./Profiles/devinfoservice.obj" "./Profiles/gatt_uuid.obj" "./Profiles/gattservapp_util.obj" "./Profiles/led_service.obj" "./Startup/UartLog.obj" "./Startup/ble_user_config_stack.obj" "./Startup/main.obj" "./Startup/osal_icall_ble.obj" "./Startup/rom_init.obj" "./iCall/icall.obj" "./iCall/icall_cc2650.obj" "./iCall/icall_user_config.obj" "./iCallBLE/ble_user_config.obj" "./iCallBLE/icall_api_lite.obj" -l"configPkg/linker.cmd"  -l"C:/ti/simplelink_cc13x2_26x2_sdk_4_30_00_54/examples/rtos/CC26X2R1_LAUNCHXL/ble5stack/project_zero/tirtos/ccs/cc13x2_cc26x2_app.cmd" -l"C:/tibackup/SydantekVer4.1_Workspace0p4_final/application/Release/syscfg/ti_utils_build_linker.cmd.genlibs" -l"ti/devices/cc13x2_cc26x2/driverlib/bin/ccs/driverlib.lib" -llibc.a 
<Linking>
Finished building target: "application.out"
 
C:/ti/ccs1011/ccs/tools/compiler/ti-cgt-arm_20.2.1.LTS/bin/armhex -order MS --memwidth=8 --romwidth=8 --intel -o application.hex application.out
Translating to Intel format...
   "application.out" .image_header ==> .image_header
   "application.out" .resetVecs ==> .resetVecs
   "application.out" .text ==> .text
   "application.out" .const ==> .const
   "application.out" .rodata ==> .rodata
   "application.out" .cinit ==> .cinit
C:/ti/simplelink_cc13x2_26x2_sdk_4_30_00_54/tools/common/oad/oad_image_tool --verbose ccs C:/tibackup/SydantekVer4.1_Workspace0p4_final/application 7 -hex1 Release/application.hex -k C:/ti/simplelink_cc13x2_26x2_sdk_4_30_00_54/tools/common/oad/private.pem -o Release/application_oad
 
____________________________
       OAD IMG HDR
____________________________
Field       |    Value
imgID       |    b'CC26x2R1'
CRC         |    0x79BCA015
bimVer      |    3
metaVer     |    1
techType    |    0xFFFE
imgCpStat   |    0xFF
crcStat     |    0xFF
imgType     |    0x7
imgNo       |    0x0
imgVld      |    0xFFFFFFFF
len         |    0x1A144
prgEntry    |    0x90
softVer     |    0x31303030
imgEndAddr  |    0x1A143
hdrLen      |    0x2C
 
 
____________________________
       Segment HDR
____________________________
Field            |      Value
Segment Type     |      Security Segment
Wireless Tech    |      [BLE]
Segment Length   |      0x55
Security Version |      0x1
Timestamp        |      0x5FCCEAA0
Signer Info      |      0x8B10EC1D517D17B0
Signature        |      0x3DED555572B4B184E98CC3AD438908DFD610F99BEFDE2D407E343A554E2F4A966064751621F521F53C986BF1F49012EED85C0CC513BA52E4570FE40B19A40F72
 
 
____________________________
        Segment HDR
____________________________
Field            |      Value
Segment Type     |      Contiguous Image Segment
Wireless Tech    |      [BLE]
Segment Length   |      0x1A0C3
Start Address    |      0x0
 
 

**** Build Finished ****
