
**** Build of configuration Debug for project simple_peripheral_oad_onchip_CC26X2R1_LAUNCHXL_tirtos_ccs ****

"C:\\ti\\ccs1011\\ccs\\utils\\bin\\gmake" -k -j 4 all -O 
 
Building file: "C:/ti/simplelink_cc13x2_26x2_sdk_4_30_00_54/examples/rtos/CC26X2R1_LAUNCHXL/ble5stack/simple_peripheral_oad_onchip/Application/simple_peripheral_oad_onchip.c"
Invoking: ARM Compiler
"C:/ti/ccs1011/ccs/tools/compiler/ti-cgt-arm_20.2.1.LTS/bin/armcl" --cmd_file="C:/tibackup/pheral_1_1/simple_peripheral_oad_onchip_CC26X2R1_LAUNCHXL_tirtos_ccs/Debug/syscfg/ti_ble_app_config.opt" --cmd_file="C:/ti/simplelink_cc13x2_26x2_sdk_4_30_00_54/source/ti/ble5stack/config/build_components.opt" --cmd_file="C:/ti/simplelink_cc13x2_26x2_sdk_4_30_00_54/source/ti/ble5stack/config/factory_config.opt" --cmd_file="C:/tibackup/pheral_1_1/simple_peripheral_oad_onchip_CC26X2R1_LAUNCHXL_tirtos_ccs/Debug/syscfg/ti_build_config.opt"  -mv7M4 --code_state=16 -me -O4 --opt_for_speed=0 --include_path="C:/tibackup/pheral_1_1/simple_peripheral_oad_onchip_CC26X2R1_LAUNCHXL_tirtos_ccs" --include_path="C:/ti/simplelink_cc13x2_26x2_sdk_4_30_00_54/source/ti/ble5stack/controller/cc26xx/inc" --include_path="C:/ti/simplelink_cc13x2_26x2_sdk_4_30_00_54/source/ti/ble5stack/inc" --include_path="C:/ti/simplelink_cc13x2_26x2_sdk_4_30_00_54/source/ti/ble5stack/rom" --include_path="C:/ti/simplelink_cc13x2_26x2_sdk_4_30_00_54/source/ti/ble5stack/common/cc26xx" --include_path="C:/ti/simplelink_cc13x2_26x2_sdk_4_30_00_54/source/ti/ble5stack/common/cc26xx/rcosc" --include_path="C:/ti/simplelink_cc13x2_26x2_sdk_4_30_00_54/source/ti/ble5stack/icall/inc" --include_path="C:/ti/simplelink_cc13x2_26x2_sdk_4_30_00_54/examples/rtos/CC26X2R1_LAUNCHXL/ble5stack/simple_peripheral_oad_onchip/Application" --include_path="C:/ti/simplelink_cc13x2_26x2_sdk_4_30_00_54/source/ti/" --include_path="C:/ti/simplelink_cc13x2_26x2_sdk_4_30_00_54/source/ti/ble5stack/common/cc26xx" --include_path="C:/ti/simplelink_cc13x2_26x2_sdk_4_30_00_54/source/ti/common/" --include_path="C:/ti/simplelink_cc13x2_26x2_sdk_4_30_00_54/source/ti/common/cc26xx" --include_path="C:/ti/simplelink_cc13x2_26x2_sdk_4_30_00_54/source/ti/common/cc26xx/flash_interface" --include_path="C:/ti/simplelink_cc13x2_26x2_sdk_4_30_00_54/source/ti/common/cc26xx/oad/" --include_path="C:/ti/simplelink_cc13x2_26x2_sdk_4_30_00_54/source/ti/ble5stack/common/cc26xx/menu" --include_path="C:/ti/simplelink_cc13x2_26x2_sdk_4_30_00_54/source/ti/ble5stack/profiles/dev_info" --include_path="C:/ti/simplelink_cc13x2_26x2_sdk_4_30_00_54/source/ti/ble5stack/profiles/oad/cc26xx" --include_path="C:/ti/simplelink_cc13x2_26x2_sdk_4_30_00_54/source/ti/ble5stack/profiles/simple_profile" --include_path="C:/ti/simplelink_cc13x2_26x2_sdk_4_30_00_54/source/ti/ble5stack/hal/src/target/_common" --include_path="C:/ti/simplelink_cc13x2_26x2_sdk_4_30_00_54/source/ti/ble5stack/hal/src/target/_common/cc26xx" --include_path="C:/ti/simplelink_cc13x2_26x2_sdk_4_30_00_54/source/ti/ble5stack/hal/src/inc" --include_path="C:/ti/simplelink_cc13x2_26x2_sdk_4_30_00_54/source/ti/ble5stack/heapmgr" --include_path="C:/ti/simplelink_cc13x2_26x2_sdk_4_30_00_54/source/ti/ble5stack/icall/src/inc" --include_path="C:/ti/simplelink_cc13x2_26x2_sdk_4_30_00_54/source/ti/ble5stack/osal/src/inc" --include_path="C:/ti/simplelink_cc13x2_26x2_sdk_4_30_00_54/source/ti/ble5stack/services/src/saddr" --include_path="C:/ti/simplelink_cc13x2_26x2_sdk_4_30_00_54/source/ti/ble5stack/services/src/sdata" --include_path="C:/ti/simplelink_cc13x2_26x2_sdk_4_30_00_54/source/ti/common/nv" --include_path="C:/ti/simplelink_cc13x2_26x2_sdk_4_30_00_54/source/ti/devices/cc13x2_cc26x2" --include_path="C:/ti/simplelink_cc13x2_26x2_sdk_4_30_00_54/source/ti/drivers/nvs" --include_path="C:/ti/ccs1011/ccs/tools/compiler/ti-cgt-arm_20.2.1.LTS/include" --define=DeviceFamily_CC26X2 --define=FLASH_ROM_BUILD --define=NVOCMP_NWSAMEITEM=1 --define=SECURITY --define=OAD_IMG_B --define=OAD_ONCHIP -g --c99 --gcc --diag_warning=225 --diag_wrap=off --display_error_number --gen_func_subsections=on --abi=eabi --preproc_with_compile --preproc_dependency="Application/simple_peripheral_oad_onchip.d_raw" --include_path="C:/tibackup/pheral_1_1/simple_peripheral_oad_onchip_CC26X2R1_LAUNCHXL_tirtos_ccs/Debug/syscfg" --obj_directory="Application" --cmd_file="syscfg/ti_build_config.opt" --cmd_file="syscfg/ti_ble_app_config.opt" --cmd_file="configPkg/compiler.opt"  "C:/ti/simplelink_cc13x2_26x2_sdk_4_30_00_54/examples/rtos/CC26X2R1_LAUNCHXL/ble5stack/simple_peripheral_oad_onchip/Application/simple_peripheral_oad_onchip.c"
"C:/ti/simplelink_cc13x2_26x2_sdk_4_30_00_54/examples/rtos/CC26X2R1_LAUNCHXL/ble5stack/simple_peripheral_oad_onchip/Application/simple_peripheral_oad_onchip.c", line 1753: warning #179-D: function "SimplePeripheral_processPairState" was declared but never referenced
Finished building: "C:/ti/simplelink_cc13x2_26x2_sdk_4_30_00_54/examples/rtos/CC26X2R1_LAUNCHXL/ble5stack/simple_peripheral_oad_onchip/Application/simple_peripheral_oad_onchip.c"
 
Building target: "simple_peripheral_oad_onchip_CC26X2R1_LAUNCHXL_tirtos_ccs_Debug.out"
Invoking: ARM Linker
"C:/ti/ccs1011/ccs/tools/compiler/ti-cgt-arm_20.2.1.LTS/bin/armcl" --cmd_file="C:/tibackup/pheral_1_1/simple_peripheral_oad_onchip_CC26X2R1_LAUNCHXL_tirtos_ccs/Debug/syscfg/ti_ble_app_config.opt" --cmd_file="C:/ti/simplelink_cc13x2_26x2_sdk_4_30_00_54/source/ti/ble5stack/config/build_components.opt" --cmd_file="C:/ti/simplelink_cc13x2_26x2_sdk_4_30_00_54/source/ti/ble5stack/config/factory_config.opt" --cmd_file="C:/tibackup/pheral_1_1/simple_peripheral_oad_onchip_CC26X2R1_LAUNCHXL_tirtos_ccs/Debug/syscfg/ti_build_config.opt"  -mv7M4 --code_state=16 -me -O4 --opt_for_speed=0 --define=DeviceFamily_CC26X2 --define=FLASH_ROM_BUILD --define=NVOCMP_NWSAMEITEM=1 --define=SECURITY --define=OAD_IMG_B --define=OAD_ONCHIP -g --c99 --gcc --diag_warning=225 --diag_wrap=off --display_error_number --gen_func_subsections=on --abi=eabi -z -m"simple_peripheral_oad_onchip_CC26X2R1_LAUNCHXL_tirtos_ccs_Debug.map" --heap_size=0 --stack_size=256 -i"C:/ti/ccs1011/ccs/tools/compiler/ti-cgt-arm_20.2.1.LTS/lib" -i"C:/ti/simplelink_cc13x2_26x2_sdk_4_30_00_54/source" -i"C:/ti/simplelink_cc13x2_26x2_sdk_4_30_00_54/kernel/tirtos/packages" -i"C:/ti/ccs1011/ccs/tools/compiler/ti-cgt-arm_20.2.1.LTS/include" --reread_libs --define=FLASH_ROM_BUILD=2 --define=OAD_IMG_B=1 --define=SECURITY --diag_suppress=16002-D --diag_suppress=10247-D --diag_suppress=10325-D --diag_suppress=10229-D --diag_suppress=16032-D --diag_wrap=off --display_error_number --warn_sections --xml_link_info="simple_peripheral_oad_onchip_CC26X2R1_LAUNCHXL_tirtos_ccs_Debug_linkInfo.xml" --rom_model -o "simple_peripheral_oad_onchip_CC26X2R1_LAUNCHXL_tirtos_ccs_Debug.out" "./syscfg/ti_ble_config.obj" "./syscfg/ti_radio_config.obj" "./syscfg/ti_drivers_config.obj" "./Application/board_key.obj" "./Application/rcosc_calibration.obj" "./Application/simple_peripheral_oad_onchip.obj" "./Application/simple_peripheral_oad_onchip_menu.obj" "./Application/two_btn_menu.obj" "./Application/util.obj" "./Drivers/ECC/ECCROMCC26XX.obj" "./Drivers/nv/crc.obj" "./Drivers/nv/nvocmp.obj" "./ICall/icall.obj" "./ICall/icall_cc2650.obj" "./ICall/icall_user_config.obj" "./ICallBLE/ble_user_config.obj" "./ICallBLE/icall_api_lite.obj" "./OAD/crc32.obj" "./OAD/flash_interface_int_rtos_NVS.obj" "./OAD/oad.obj" "./OAD/oad_image_header_app.obj" "./OAD/oad_reset_service.obj" "./PROFILES/devinfoservice.obj" "./PROFILES/gatt_uuid.obj" "./PROFILES/gattservapp_util.obj" "./PROFILES/simple_gatt_profile.obj" "./Startup/ble_user_config_stack.obj" "./Startup/find_stack_entry.obj" "./Startup/main.obj" "./Startup/osal_icall_ble.obj" "./Startup/rom_init.obj" -l"configPkg/linker.cmd"  -l"C:/tibackup/pheral_1_1/simple_peripheral_oad_onchip_CC26X2R1_LAUNCHXL_tirtos_ccs/Debug/syscfg/ti_utils_build_linker.cmd.genlibs" -l"ti/devices/cc13x2_cc26x2/driverlib/bin/ccs/driverlib.lib" -l"C:/ti/simplelink_cc13x2_26x2_sdk_4_30_00_54/source/ti/ble5stack/common/cc26xx/ccs/cc26xx_app_and_stack_agama_oad_onchip.cmd" -llibc.a 
<Linking>
Finished building target: "simple_peripheral_oad_onchip_CC26X2R1_LAUNCHXL_tirtos_ccs_Debug.out"
 
C:/ti/ccs1011/ccs/tools/compiler/ti-cgt-arm_20.2.1.LTS/bin/armhex -order MS --memwidth=8 --romwidth=8 --intel             -o simple_peripheral_oad_onchip_CC26X2R1_LAUNCHXL_tirtos_ccs_Debug.hex simple_peripheral_oad_onchip_CC26X2R1_LAUNCHXL_tirtos_ccs_Debug.out
Translating to Intel format...
   "simple_peripheral_oad_onchip_CC26X2R1_LAUNCHXL_tirtos_ccs_Debug.out" .image_header ==> .image_header
   "simple_peripheral_oad_onchip_CC26X2R1_LAUNCHXL_tirtos_ccs_Debug.out" .resetVecs ==> .resetVecs
   "simple_peripheral_oad_onchip_CC26X2R1_LAUNCHXL_tirtos_ccs_Debug.out" .text ==> .text
   "simple_peripheral_oad_onchip_CC26X2R1_LAUNCHXL_tirtos_ccs_Debug.out" .const ==> .const
   "simple_peripheral_oad_onchip_CC26X2R1_LAUNCHXL_tirtos_ccs_Debug.out" .rodata ==> .rodata
   "simple_peripheral_oad_onchip_CC26X2R1_LAUNCHXL_tirtos_ccs_Debug.out" .cinit ==> .cinit
C:/ti/simplelink_cc13x2_26x2_sdk_4_30_00_54/source/ti/ble5stack/../../../tools/common/oad/oad_image_tool --verbose             ccs C:/tibackup/pheral_1_1/simple_peripheral_oad_onchip_CC26X2R1_LAUNCHXL_tirtos_ccs 7             -hex1 Debug/simple_peripheral_oad_onchip_CC26X2R1_LAUNCHXL_tirtos_ccs_Debug.hex             -k C:/ti/simplelink_cc13x2_26x2_sdk_4_30_00_54/source/ti/ble5stack/../../../tools/common/oad/private.pem             -o Debug/simple_peripheral_oad_onchip_CC26X2R1_LAUNCHXL_tirtos_ccs_Debug_oad
 
____________________________
       OAD IMG HDR
____________________________
Field       |    Value
imgID       |    b'CC26x2R1'
CRC         |    0x4885F08
bimVer      |    3
metaVer     |    1
techType    |    0xFFFE
imgCpStat   |    0xFF
crcStat     |    0xFF
imgType     |    0x7
imgNo       |    0x0
imgVld      |    0xFFFFFFFF
len         |    0x1BE2C
prgEntry    |    0x90
softVer     |    0x31303030
imgEndAddr  |    0x1BE2B
hdrLen      |    0x2C
 
 
____________________________
       Segment HDR
____________________________
Field            |      Value
Segment Type     |      Security Segment
Wireless Tech    |      [BLE]
Segment Length   |      0x55
Security Version |      0x1
Timestamp        |      0x6046063A
Signer Info      |      0x8B10EC1D517D17B0
Signature        |      0x11B86FD73FE05E438214F75E050A36E5DDDCF751E90A231A1F6376393B573A81D5F060BFD6C98C6A69C99B0D92792911B0FDB66221D9FD788278BACDB42D119
 
 
____________________________
        Segment HDR
____________________________
Field            |      Value
Segment Type     |      Contiguous Image Segment
Wireless Tech    |      [BLE]
Segment Length   |      0x1BDAB
Start Address    |      0x0
 
 

**** Build Finished ****
