
**** Build of configuration Release__TI for project application ****

"C:\\ti\\ccs1011\\ccs\\utils\\bin\\gmake" -k -j 4 all -O 
 
making ../src/sysbios/rom_sysbios.aem4f ...
Building file: "../project_zero_app.cfg"
Invoking: XDCtools
"C:/ti/ccs1011/xdctools_3_61_02_27_core/xs" --xdcpath="C:/ti/simplelink_cc13x2_26x2_sdk_4_30_00_54/source;C:/ti/simplelink_cc13x2_26x2_sdk_4_30_00_54/kernel/tirtos/packages;C:/ti/simplelink_cc13x2_26x2_sdk_4_30_00_54;" xdc.tools.configuro -o configPkg -t ti.targets.arm.elf.M4F -p ti.platforms.simplelink:CC2642R1F -r release -c "C:/ti/ccs1011/ccs/tools/compiler/ti-cgt-arm_20.2.1.LTS" "../project_zero_app.cfg"
gmake[1]: Entering directory 'C:/tibackup/repos/device-haldi/application/src/sysbios'
asmem4f C:/ti/simplelink_cc13x2_26x2_sdk_4_30_00_54/kernel/tirtos/packages/ti/sysbios/family/arm/m3/Hwi_asm_switch.sv7M ...
gmake[1]: Leaving directory 'C:/tibackup/repos/device-haldi/application/src/sysbios'
gmake[1]: Entering directory 'C:/tibackup/repos/device-haldi/application/src/sysbios'
asmem4f C:/ti/simplelink_cc13x2_26x2_sdk_4_30_00_54/kernel/tirtos/packages/ti/sysbios/family/arm/m3/Hwi_asm.sv7M ...
gmake[1]: Leaving directory 'C:/tibackup/repos/device-haldi/application/src/sysbios'
gmake[1]: Entering directory 'C:/tibackup/repos/device-haldi/application/src/sysbios'
asmem4f C:/ti/simplelink_cc13x2_26x2_sdk_4_30_00_54/kernel/tirtos/packages/ti/sysbios/family/arm/m3/IntrinsicsSupport_asm.sv7M ...
gmake[1]: Leaving directory 'C:/tibackup/repos/device-haldi/application/src/sysbios'
gmake[1]: Entering directory 'C:/tibackup/repos/device-haldi/application/src/sysbios'
asmem4f C:/ti/simplelink_cc13x2_26x2_sdk_4_30_00_54/kernel/tirtos/packages/ti/sysbios/family/arm/m3/TaskSupport_asm.sv7M ...
gmake[1]: Leaving directory 'C:/tibackup/repos/device-haldi/application/src/sysbios'
configuring project_zero_app.xem4f from package/cfg/project_zero_app_pem4f.cfg ...
gmake[1]: Entering directory 'C:/tibackup/repos/device-haldi/application/src/sysbios'
clem4f C:/ti/simplelink_cc13x2_26x2_sdk_4_30_00_54/kernel/tirtos/packages/ti/sysbios/BIOS.c ...
 
>> Compilation failure
makefile:58: recipe for target 'rom_sysbios.obj' failed
"C:/ti/simplelink_cc13x2_26x2_sdk_4_30_00_54/source/ti/devices/DeviceFamily.h", line 180: fatal error: #error directive: "DeviceFamily_XYZ undefined. You must define a DeviceFamily_XYZ!"
1 catastrophic error detected in the compilation of "C:/ti/simplelink_cc13x2_26x2_sdk_4_30_00_54/kernel/tirtos/packages/ti/sysbios/family/arm/cc26xx/Boot.c".
Compilation terminated.
gmake[1]: *** [rom_sysbios.obj] Error 1
gmake[1]: Target 'all' not remade because of errors.
gmake[1]: Leaving directory 'C:/tibackup/repos/device-haldi/application/src/sysbios'
../src/makefile.libs:56: recipe for target '../src/sysbios/rom_sysbios.aem4f' failed
generating custom ROM library makefile ... 
Starting build of library sources ...
making C:/tibackup/repos/device-haldi/application/src/sysbios/rom_sysbios.aem4f ...
clem4f C:/ti/simplelink_cc13x2_26x2_sdk_4_30_00_54/kernel/tirtos/packages/ti/sysbios/BIOS.c ...
 
>> Compilation failure
Build of libraries failed.
subdir_rules.mk:40: recipe for target 'build-1055094257-inproc' failed
gmake: *** [../src/sysbios/rom_sysbios.aem4f] Error 2
"C:/ti/simplelink_cc13x2_26x2_sdk_4_30_00_54/source/ti/devices/DeviceFamily.h", line 180: fatal error: #error directive: "DeviceFamily_XYZ undefined. You must define a DeviceFamily_XYZ!"
1 catastrophic error detected in the compilation of "C:/ti/simplelink_cc13x2_26x2_sdk_4_30_00_54/kernel/tirtos/packages/ti/sysbios/family/arm/cc26xx/Boot.c".
Compilation terminated.
gmake[1]: *** [makefile:60: rom_sysbios.obj] Error 1
gmake: *** [C:/tibackup/repos/device-haldi/application/src/makefile.libs:57: C:/tibackup/repos/device-haldi/application/src/sysbios/rom_sysbios.aem4f] Error 2
error: xdc.cfg.SourceDir: "C:/ti/ccs1011/xdctools_3_61_02_27_core/packages/xdc/cfg/SourceDir.xs", line 209: xdc.cfg.SourceDir : Build of generated source libraries failed: exit status = 2:
 
js: "C:/ti/ccs1011/xdctools_3_61_02_27_core/packages/xdc/cfg/Main.xs", line 160: Error: Configuration failed!
xdctools_3_61_02_27_core\gmake.exe: *** [package.mak:202: package/cfg/project_zero_app_pem4f.xdl] Error 1
xdctools_3_61_02_27_core\gmake.exe: *** Deleting file 'package/cfg/project_zero_app_pem4f.xdl'
xdctools_3_61_02_27_core\gmake.exe: *** [package/cfg/project_zero_app_pem4f.xdl] Deleting file 'package/cfg/project_zero_app_pem4f.h'
xdctools_3_61_02_27_core\gmake.exe: *** [package/cfg/project_zero_app_pem4f.xdl] Deleting file 'package/cfg/project_zero_app_pem4f.c'
js: "C:/ti/ccs1011/xdctools_3_61_02_27_core/packages/xdc/tools/Cmdr.xs", line 52: Error: xdc.tools.configuro: configuration failed due to earlier errors (status = 2); 'linker.cmd' deleted.
gmake[1]: *** [build-1055094257-inproc] Error 1
gmake: *** [build-1055094257] Error 2
subdir_rules.mk:37: recipe for target 'build-1055094257' failed
gmake: Target 'all' not remade because of errors.

**** Build Finished ****
